2018-04-17 08:17:09,677 - begin to perform GridSearch on {'max_depth': array([ 3,  5,  7,  9, 11, 13, 15]), 'min_child_weight': array([1, 3, 5, 7, 9])}...
2018-04-17 08:17:20,118 - begin to perform GridSearch on {'max_depth': array([ 3,  5,  7,  9, 11, 13, 15]), 'min_child_weight': array([1, 3, 5, 7, 9])}...
2018-04-17 08:17:20,208 - Error found! Break down...

2018-04-17 08:17:28,351 - begin to perform GridSearch on {'max_depth': array([ 3,  5,  7,  9, 11, 13, 15]), 'min_child_weight': array([1, 3, 5, 7, 9])}...
2018-04-17 08:17:28,475 - begin to perform GridSearch on {'max_depth': array([ 3,  5,  7,  9, 11, 13, 15]), 'min_child_weight': array([1, 3, 5, 7, 9])}...
2018-04-17 08:17:28,568 - Error found! Break down...

2018-04-17 08:17:28,892 - Error found! Break down...

2018-04-17 08:17:44,657 - begin to perform GridSearch on {'max_depth': array([ 3,  5,  7,  9, 11, 13, 15]), 'min_child_weight': array([1, 3, 5, 7, 9])}...
2018-04-17 08:17:54,498 - Error found! Break down...

2018-04-17 08:18:00,028 - begin to perform GridSearch on {'max_depth': array([ 3,  5,  7,  9, 11, 13, 15]), 'min_child_weight': array([1, 3, 5, 7, 9])}...
2018-04-17 08:18:10,389 - begin to perform GridSearch on {'max_depth': array([ 3,  5,  7,  9, 11, 13, 15]), 'min_child_weight': array([1, 3, 5, 7, 9])}...
2018-04-17 08:18:13,610 - Error found! Break down...

2018-04-17 08:18:34,271 - Error found! Break down...

2018-04-17 08:18:44,934 - begin to perform GridSearch on {'max_depth': array([ 3,  5,  7,  9, 11, 13, 15]), 'min_child_weight': array([1, 3, 5, 7, 9])}...
2018-04-17 08:18:50,736 - Error found! Break down...

2018-04-17 08:18:58,839 - begin to perform GridSearch on {'max_depth': array([ 3,  5,  7,  9, 11, 13, 15]), 'min_child_weight': array([1, 3, 5, 7, 9])}...
2018-04-17 08:18:59,044 - Error found! Break down...

2018-04-17 08:22:33,031 - begin to perform GridSearch on {'max_depth': array([ 3,  5,  7,  9, 11, 13, 15]), 'min_child_weight': array([1, 3, 5, 7, 9])}...
2018-04-17 08:22:42,167 - begin to perform GridSearch on {'max_depth': array([ 3,  5,  7,  9, 11, 13, 15]), 'min_child_weight': array([1, 3, 5, 7, 9])}...
2018-04-17 08:22:43,342 - begin to perform GridSearch on {'max_depth': array([ 3,  5,  7,  9, 11, 13, 15]), 'min_child_weight': array([1, 3, 5, 7, 9])}...
2018-04-17 08:22:44,535 - begin to perform GridSearch on {'max_depth': array([ 3,  5,  7,  9, 11, 13, 15]), 'min_child_weight': array([1, 3, 5, 7, 9])}...
2018-04-17 08:22:45,614 - begin to perform GridSearch on {'max_depth': array([ 3,  5,  7,  9, 11, 13, 15]), 'min_child_weight': array([1, 3, 5, 7, 9])}...
2018-04-17 08:23:52,656 - begin to perform GridSearch on {'max_depth': array([ 3,  5,  7,  9, 11, 13, 15]), 'min_child_weight': array([1, 3, 5, 7, 9])}...
2018-04-17 08:24:02,184 - begin to perform GridSearch on {'max_depth': array([ 3,  5,  7,  9, 11, 13, 15]), 'min_child_weight': array([1, 3, 5, 7, 9])}...
2018-04-17 08:24:03,058 - begin to perform GridSearch on {'max_depth': array([ 3,  5,  7,  9, 11, 13, 15]), 'min_child_weight': array([1, 3, 5, 7, 9])}...
2018-04-17 08:24:04,846 - begin to perform GridSearch on {'max_depth': array([ 3,  5,  7,  9, 11, 13, 15]), 'min_child_weight': array([1, 3, 5, 7, 9])}...
2018-04-17 08:24:05,548 - begin to perform GridSearch on {'max_depth': array([ 3,  5,  7,  9, 11, 13, 15]), 'min_child_weight': array([1, 3, 5, 7, 9])}...
2018-04-17 08:24:43,954 - begin to perform GridSearch on {'max_depth': array([ 3,  5,  7,  9, 11, 13, 15]), 'min_child_weight': array([1, 3, 5, 7, 9])}...
2018-04-17 08:25:00,991 - begin to perform GridSearch on {'max_depth': array([ 3,  5,  7,  9, 11, 13, 15]), 'min_child_weight': array([1, 3, 5, 7, 9])}...
2018-04-17 08:25:53,889 - begin to perform GridSearch on {'max_depth': array([ 3,  5,  7,  9, 11, 13, 15]), 'min_child_weight': array([1, 3, 5, 7, 9])}...
2018-04-17 12:25:25,612 - best score (roc_auc) is 0.8786191244733853
2018-04-17 12:25:25,658 - best params are {'max_depth': 15, 'min_child_weight': 1}
2018-04-17 12:25:25,705 - mean: 0.8716961351583576, {'max_depth': 3, 'min_child_weight': 1}

2018-04-17 12:25:25,721 - mean: 0.8711961807074748, {'max_depth': 3, 'min_child_weight': 3}

2018-04-17 12:25:25,721 - mean: 0.8704095088205897, {'max_depth': 3, 'min_child_weight': 5}

2018-04-17 12:25:25,721 - mean: 0.8674691875666843, {'max_depth': 3, 'min_child_weight': 7}

2018-04-17 12:25:25,736 - mean: 0.8643419095129089, {'max_depth': 3, 'min_child_weight': 9}

2018-04-17 12:25:25,736 - mean: 0.8754605556527385, {'max_depth': 5, 'min_child_weight': 1}

2018-04-17 12:25:25,736 - mean: 0.8739278754493907, {'max_depth': 5, 'min_child_weight': 3}

2018-04-17 12:25:25,736 - mean: 0.87084601710023, {'max_depth': 5, 'min_child_weight': 5}

2018-04-17 12:25:25,736 - mean: 0.8674314212551102, {'max_depth': 5, 'min_child_weight': 7}

2018-04-17 12:25:25,736 - mean: 0.8627775154153567, {'max_depth': 5, 'min_child_weight': 9}

2018-04-17 12:25:25,736 - mean: 0.8764654816991496, {'max_depth': 7, 'min_child_weight': 1}

2018-04-17 12:25:25,736 - mean: 0.8728854972142347, {'max_depth': 7, 'min_child_weight': 3}

2018-04-17 12:25:25,736 - mean: 0.8706683440879365, {'max_depth': 7, 'min_child_weight': 5}

2018-04-17 12:25:25,736 - mean: 0.8667926111229538, {'max_depth': 7, 'min_child_weight': 7}

2018-04-17 12:25:25,736 - mean: 0.8637442740028881, {'max_depth': 7, 'min_child_weight': 9}

2018-04-17 12:25:25,736 - mean: 0.877543363395625, {'max_depth': 9, 'min_child_weight': 1}

2018-04-17 12:25:25,736 - mean: 0.8733263283351468, {'max_depth': 9, 'min_child_weight': 3}

2018-04-17 12:25:25,736 - mean: 0.8704651086702182, {'max_depth': 9, 'min_child_weight': 5}

2018-04-17 12:25:25,736 - mean: 0.8674525718045545, {'max_depth': 9, 'min_child_weight': 7}

2018-04-17 12:25:25,736 - mean: 0.8640968772697468, {'max_depth': 9, 'min_child_weight': 9}

2018-04-17 12:25:25,736 - mean: 0.8781166543720551, {'max_depth': 11, 'min_child_weight': 1}

2018-04-17 12:25:25,752 - mean: 0.8742087132769132, {'max_depth': 11, 'min_child_weight': 3}

2018-04-17 12:25:25,752 - mean: 0.871143631892168, {'max_depth': 11, 'min_child_weight': 5}

2018-04-17 12:25:25,752 - mean: 0.868855135242149, {'max_depth': 11, 'min_child_weight': 7}

2018-04-17 12:25:25,752 - mean: 0.8654392843571352, {'max_depth': 11, 'min_child_weight': 9}

2018-04-17 12:25:25,752 - mean: 0.8779040717155422, {'max_depth': 13, 'min_child_weight': 1}

2018-04-17 12:25:25,752 - mean: 0.8747590820173685, {'max_depth': 13, 'min_child_weight': 3}

2018-04-17 12:25:25,752 - mean: 0.8727779955887685, {'max_depth': 13, 'min_child_weight': 5}

2018-04-17 12:25:25,752 - mean: 0.869710628146306, {'max_depth': 13, 'min_child_weight': 7}

2018-04-17 12:25:25,752 - mean: 0.8667193278657166, {'max_depth': 13, 'min_child_weight': 9}

2018-04-17 12:25:25,752 - mean: 0.8786191244733853, {'max_depth': 15, 'min_child_weight': 1}

2018-04-17 12:25:25,752 - mean: 0.875597045063562, {'max_depth': 15, 'min_child_weight': 3}

2018-04-17 12:25:25,752 - mean: 0.8736522368297718, {'max_depth': 15, 'min_child_weight': 5}

2018-04-17 12:25:25,752 - mean: 0.8710489716831967, {'max_depth': 15, 'min_child_weight': 7}

2018-04-17 12:25:25,752 - mean: 0.8684133179968191, {'max_depth': 15, 'min_child_weight': 9}

2018-04-17 20:35:19,584 - begin to perform GridSearch on {'max_depth': [15, 16, 17], 'min_child_weight': [1, 2]}...
2018-04-17 21:50:21,554 - best score (roc_auc) is 0.878663219915611
2018-04-17 21:50:21,560 - best params are {'max_depth': 17, 'min_child_weight': 1}
2018-04-17 21:50:21,591 - mean: 0.8786191244733853, {'max_depth': 15, 'min_child_weight': 1}

2018-04-17 21:50:21,591 - mean: 0.876808555914278, {'max_depth': 15, 'min_child_weight': 2}

2018-04-17 21:50:21,591 - mean: 0.8785518828878719, {'max_depth': 16, 'min_child_weight': 1}

2018-04-17 21:50:21,591 - mean: 0.8764316540369553, {'max_depth': 16, 'min_child_weight': 2}

2018-04-17 21:50:21,601 - mean: 0.878663219915611, {'max_depth': 17, 'min_child_weight': 1}

2018-04-17 21:50:21,601 - mean: 0.8764596592514081, {'max_depth': 17, 'min_child_weight': 2}

2018-04-17 21:54:30,115 - begin to perform GridSearch on {'max_depth': [15, 17, 19, 21, 23]}...
2018-04-17 23:09:58,695 - best score (roc_auc) is 0.8793907543946666
2018-04-17 23:09:58,700 - best params are {'max_depth': 23}
2018-04-17 23:09:58,730 - mean: 0.8786191244733853, {'max_depth': 15}

2018-04-17 23:09:58,730 - mean: 0.878663219915611, {'max_depth': 17}

2018-04-17 23:09:58,730 - mean: 0.87873066848856, {'max_depth': 19}

2018-04-17 23:09:58,730 - mean: 0.8791617907390897, {'max_depth': 21}

2018-04-17 23:09:58,730 - mean: 0.8793907543946666, {'max_depth': 23}

2018-04-17 23:19:06,893 - begin to perform GridSearch on {'max_depth': [23, 25, 27, 29, 31, 33]}...
2018-04-18 01:27:57,165 - best score (roc_auc) is 0.8799938051953012
2018-04-18 01:27:57,197 - best params are {'max_depth': 33}
2018-04-18 01:27:57,228 - mean: 0.8793907543946666, {'max_depth': 23}

2018-04-18 01:27:57,228 - mean: 0.8794001889780033, {'max_depth': 25}

2018-04-18 01:27:57,228 - mean: 0.8797200806048634, {'max_depth': 27}

2018-04-18 01:27:57,228 - mean: 0.8798423949606671, {'max_depth': 29}

2018-04-18 01:27:57,228 - mean: 0.8799349976181547, {'max_depth': 31}

2018-04-18 01:27:57,228 - mean: 0.8799938051953012, {'max_depth': 33}

2018-04-18 01:27:57,321 - begin to perform GridSearch on {'gamma': array([0. , 0.1, 0.2, 0.3, 0.4])}...
2018-04-18 01:27:57,321 - begin to perform GridSearch on {'gamma': array([0. , 0.1, 0.2, 0.3, 0.4])}...
2018-04-18 01:32:23,129 - begin to perform GridSearch on {'max_depth': [33, 35, 37, 39]}...
2018-04-18 03:23:53,801 - best score (roc_auc) is 0.8800936488701268
2018-04-18 03:23:53,864 - best params are {'max_depth': 37}
2018-04-18 03:23:53,897 - mean: 0.8799938051953012, {'max_depth': 33}

2018-04-18 03:23:53,897 - mean: 0.8800144780408315, {'max_depth': 35}

2018-04-18 03:23:53,897 - mean: 0.8800936488701268, {'max_depth': 37}

2018-04-18 03:23:53,897 - mean: 0.8799869527529656, {'max_depth': 39}

2018-04-18 03:23:53,975 - begin to perform GridSearch on {'gamma': array([0. , 0.1, 0.2, 0.3, 0.4])}...
2018-04-18 03:23:53,975 - begin to perform GridSearch on {'gamma': array([0. , 0.1, 0.2, 0.3, 0.4])}...
2018-04-18 05:44:06,612 - best score (roc_auc) is 0.8801172986258916
2018-04-18 05:44:06,612 - best score (roc_auc) is 0.8801172986258916
2018-04-18 05:44:06,659 - best params are {'gamma': 0.1}
2018-04-18 05:44:06,659 - best params are {'gamma': 0.1}
2018-04-18 05:44:06,659 - mean: 0.8800936488701268, {'gamma': 0.0}

2018-04-18 05:44:06,659 - mean: 0.8800936488701268, {'gamma': 0.0}

2018-04-18 05:44:06,659 - mean: 0.8801172986258916, {'gamma': 0.1}

2018-04-18 05:44:06,659 - mean: 0.8801172986258916, {'gamma': 0.1}

2018-04-18 05:44:06,659 - mean: 0.880079143624225, {'gamma': 0.2}

2018-04-18 05:44:06,659 - mean: 0.880079143624225, {'gamma': 0.2}

2018-04-18 05:44:06,675 - mean: 0.8800759512628572, {'gamma': 0.30000000000000004}

2018-04-18 05:44:06,675 - mean: 0.8800759512628572, {'gamma': 0.30000000000000004}

2018-04-18 05:44:06,675 - mean: 0.880077624575083, {'gamma': 0.4}

2018-04-18 05:44:06,675 - mean: 0.880077624575083, {'gamma': 0.4}

2018-04-18 05:44:06,768 - begin to perform GridSearch on {'subsample': array([0.6, 0.7, 0.8, 0.9]), 'colsample_bytree': array([0.6, 0.7, 0.8, 0.9])}...
2018-04-18 05:44:06,768 - begin to perform GridSearch on {'subsample': array([0.6, 0.7, 0.8, 0.9]), 'colsample_bytree': array([0.6, 0.7, 0.8, 0.9])}...
2018-04-18 05:44:06,768 - begin to perform GridSearch on {'subsample': array([0.6, 0.7, 0.8, 0.9]), 'colsample_bytree': array([0.6, 0.7, 0.8, 0.9])}...
2018-04-18 08:13:29,879 - begin to perform GridSearch on {'subsample': array([0.6, 0.7, 0.8, 0.9]), 'colsample_bytree': array([0.6, 0.7, 0.8, 0.9])}...
2018-04-18 08:16:47,591 - begin to perform GridSearch on {'subsample': array([0.6, 0.7, 0.8, 0.9]), 'colsample_bytree': array([0.6, 0.7, 0.8, 0.9])}...
2018-04-18 18:42:20,513 - begin to perform GridSearch on {'subsample': array([0.6, 0.7, 0.8, 0.9]), 'colsample_bytree': array([0.6, 0.7, 0.8, 0.9])}...
