2018-04-15 11:45:22,824 - begin to perform GridSearch on {'n_estimators': array([ 20,  30,  40,  50,  60,  70,  80,  90, 100, 110, 120, 130, 140,
       150, 160, 170, 180, 190, 200])}...
2018-04-15 12:45:09,899 - best score (roc_auc) is 0.8757187035692904
2018-04-15 12:45:09,906 - best params are {'n_estimators': 200}
2018-04-15 12:45:09,942 - mean: 0.8019798531769119, {'n_estimators': 20}

2018-04-15 12:45:09,943 - mean: 0.8269356877421683, {'n_estimators': 30}

2018-04-15 12:45:09,944 - mean: 0.8387749790866419, {'n_estimators': 40}

2018-04-15 12:45:09,944 - mean: 0.8452442767315012, {'n_estimators': 50}

2018-04-15 12:45:09,945 - mean: 0.8517992860665005, {'n_estimators': 60}

2018-04-15 12:45:09,988 - mean: 0.8583485349457849, {'n_estimators': 70}

2018-04-15 12:45:09,989 - mean: 0.8626045318783793, {'n_estimators': 80}

2018-04-15 12:45:09,990 - mean: 0.8645301682250017, {'n_estimators': 90}

2018-04-15 12:45:09,991 - mean: 0.8672220804791384, {'n_estimators': 100}

2018-04-15 12:45:09,991 - mean: 0.8681638698374146, {'n_estimators': 110}

2018-04-15 12:45:09,992 - mean: 0.869457622585267, {'n_estimators': 120}

2018-04-15 12:45:09,993 - mean: 0.8700755205405871, {'n_estimators': 130}

2018-04-15 12:45:09,994 - mean: 0.8717850785700153, {'n_estimators': 140}

2018-04-15 12:45:09,995 - mean: 0.8734772689662155, {'n_estimators': 150}

2018-04-15 12:45:09,996 - mean: 0.8734701098714807, {'n_estimators': 160}

2018-04-15 12:45:09,997 - mean: 0.8743807940711227, {'n_estimators': 170}

2018-04-15 12:45:09,998 - mean: 0.8750779619267862, {'n_estimators': 180}

2018-04-15 12:45:09,998 - mean: 0.8752336329424312, {'n_estimators': 190}

2018-04-15 12:45:09,999 - mean: 0.8757187035692904, {'n_estimators': 200}

2018-04-15 12:48:28,195 - begin to perform GridSearch on {'n_estimators': array([100, 150, 200, 250, 300, 350, 400, 450, 500])}...
2018-04-15 14:05:40,754 - best score (roc_auc) is 0.8794036090782141
2018-04-15 14:05:40,774 - best params are {'n_estimators': 300}
2018-04-15 14:05:40,795 - mean: 0.8756228517325815, {'n_estimators': 100}

2018-04-15 14:05:40,796 - mean: 0.878227688369527, {'n_estimators': 150}

2018-04-15 14:05:40,797 - mean: 0.8787477251646831, {'n_estimators': 200}

2018-04-15 14:05:40,798 - mean: 0.8791749171907285, {'n_estimators': 250}

2018-04-15 14:05:40,799 - mean: 0.8794036090782141, {'n_estimators': 300}

2018-04-15 14:05:40,800 - mean: 0.8789268235261112, {'n_estimators': 350}

2018-04-15 14:05:40,801 - mean: 0.8785135906970447, {'n_estimators': 400}

2018-04-15 14:05:40,802 - mean: 0.878969425443885, {'n_estimators': 450}

2018-04-15 14:05:40,803 - mean: 0.8783487596135666, {'n_estimators': 500}

2018-04-15 14:09:04,925 - begin to perform GridSearch on {'max_depth': array([ 3,  5,  7,  9, 11, 13, 15]), 'min_samples_split': array([0.005 , 0.0075, 0.01  , 0.0125, 0.015 , 0.0175, 0.02  ])}...
2018-04-15 14:13:13,014 - begin to perform GridSearch on {'max_depth': array([ 3,  5,  7,  9, 11, 13, 15]), 'min_samples_split': array([0.005, 0.01 , 0.015, 0.02 ])}...
2018-04-15 21:35:06,917 - best score (roc_auc) is 0.8797233034630146
2018-04-15 21:35:06,917 - best params are {'max_depth': 13, 'min_samples_split': 0.015}
2018-04-15 21:35:06,948 - mean: 0.8782406397161893, {'max_depth': 3, 'min_samples_split': 0.005}

2018-04-15 21:35:06,948 - mean: 0.8790712492023223, {'max_depth': 3, 'min_samples_split': 0.01}

2018-04-15 21:35:06,948 - mean: 0.8788477556759117, {'max_depth': 3, 'min_samples_split': 0.015}

2018-04-15 21:35:06,948 - mean: 0.8788864945027888, {'max_depth': 3, 'min_samples_split': 0.02}

2018-04-15 21:35:06,948 - mean: 0.878940366080297, {'max_depth': 5, 'min_samples_split': 0.005}

2018-04-15 21:35:06,948 - mean: 0.8795878773482921, {'max_depth': 5, 'min_samples_split': 0.01}

2018-04-15 21:35:06,948 - mean: 0.8790255084264793, {'max_depth': 5, 'min_samples_split': 0.015}

2018-04-15 21:35:06,963 - mean: 0.8794251209711677, {'max_depth': 5, 'min_samples_split': 0.02}

2018-04-15 21:35:06,963 - mean: 0.877996153660847, {'max_depth': 7, 'min_samples_split': 0.005}

2018-04-15 21:35:06,995 - mean: 0.8788971572669668, {'max_depth': 7, 'min_samples_split': 0.01}

2018-04-15 21:35:06,995 - mean: 0.8792834194702854, {'max_depth': 7, 'min_samples_split': 0.015}

2018-04-15 21:35:06,995 - mean: 0.879016612635536, {'max_depth': 7, 'min_samples_split': 0.02}

2018-04-15 21:35:06,995 - mean: 0.8780606015905563, {'max_depth': 9, 'min_samples_split': 0.005}

2018-04-15 21:35:06,995 - mean: 0.879137954111488, {'max_depth': 9, 'min_samples_split': 0.01}

2018-04-15 21:35:06,995 - mean: 0.8786390609604456, {'max_depth': 9, 'min_samples_split': 0.015}

2018-04-15 21:35:07,010 - mean: 0.8789502117275022, {'max_depth': 9, 'min_samples_split': 0.02}

2018-04-15 21:35:07,010 - mean: 0.8788985166954899, {'max_depth': 11, 'min_samples_split': 0.005}

2018-04-15 21:35:07,010 - mean: 0.8788280494932431, {'max_depth': 11, 'min_samples_split': 0.01}

2018-04-15 21:35:07,010 - mean: 0.8788049254434489, {'max_depth': 11, 'min_samples_split': 0.015}

2018-04-15 21:35:07,010 - mean: 0.8791844165438352, {'max_depth': 11, 'min_samples_split': 0.02}

2018-04-15 21:35:07,010 - mean: 0.8784848386082843, {'max_depth': 13, 'min_samples_split': 0.005}

2018-04-15 21:35:07,010 - mean: 0.8790858240848487, {'max_depth': 13, 'min_samples_split': 0.01}

2018-04-15 21:35:07,010 - mean: 0.8797233034630146, {'max_depth': 13, 'min_samples_split': 0.015}

2018-04-15 21:35:07,010 - mean: 0.879168714007669, {'max_depth': 13, 'min_samples_split': 0.02}

2018-04-15 21:35:07,010 - mean: 0.8784026383873967, {'max_depth': 15, 'min_samples_split': 0.005}

2018-04-15 21:35:07,010 - mean: 0.8794825907860918, {'max_depth': 15, 'min_samples_split': 0.01}

2018-04-15 21:35:07,010 - mean: 0.8793366486537667, {'max_depth': 15, 'min_samples_split': 0.015}

2018-04-15 21:35:07,010 - mean: 0.8792028971133515, {'max_depth': 15, 'min_samples_split': 0.02}

2018-04-15 21:49:31,321 - begin to perform GridSearch on {'min_samples_split': [0.01, 0.015, 0.02], 'min_samples_leaf': array([ 5, 10, 15, 20, 25, 30, 35, 40, 45, 50, 55, 60, 65, 70])}...
2018-04-15 22:01:47,769 - begin to perform GridSearch on {'min_samples_split': [0.01, 0.015, 0.02], 'min_samples_leaf': [5, 15, 10, 20, 30, 40, 50, 60, 70]}...
2018-04-15 22:03:32,540 - begin to perform GridSearch on {'min_samples_split': [0.01, 0.015, 0.02], 'min_samples_leaf': [5, 15, 10, 20, 30, 40, 50, 60, 70]}...
2018-04-16 08:04:28,986 - best score (roc_auc) is 0.8794888625068594
2018-04-16 08:04:29,033 - best params are {'min_samples_leaf': 5, 'min_samples_split': 0.01}
2018-04-16 08:04:29,064 - mean: 0.8794888625068594, {'min_samples_leaf': 5, 'min_samples_split': 0.01}

2018-04-16 08:04:29,080 - mean: 0.8792876075244819, {'min_samples_leaf': 5, 'min_samples_split': 0.015}

2018-04-16 08:04:29,080 - mean: 0.878912117379715, {'min_samples_leaf': 5, 'min_samples_split': 0.02}

2018-04-16 08:04:29,080 - mean: 0.8784345372871873, {'min_samples_leaf': 15, 'min_samples_split': 0.01}

2018-04-16 08:04:29,080 - mean: 0.8788765261170414, {'min_samples_leaf': 15, 'min_samples_split': 0.015}

2018-04-16 08:04:29,080 - mean: 0.8787328120213654, {'min_samples_leaf': 15, 'min_samples_split': 0.02}

2018-04-16 08:04:29,080 - mean: 0.8786134167700776, {'min_samples_leaf': 10, 'min_samples_split': 0.01}

2018-04-16 08:04:29,080 - mean: 0.8792848341519243, {'min_samples_leaf': 10, 'min_samples_split': 0.015}

2018-04-16 08:04:29,080 - mean: 0.879149488535697, {'min_samples_leaf': 10, 'min_samples_split': 0.02}

2018-04-16 08:04:29,080 - mean: 0.8788706272314389, {'min_samples_leaf': 20, 'min_samples_split': 0.01}

2018-04-16 08:04:29,080 - mean: 0.8790309962324924, {'min_samples_leaf': 20, 'min_samples_split': 0.015}

2018-04-16 08:04:29,080 - mean: 0.878637065840434, {'min_samples_leaf': 20, 'min_samples_split': 0.02}

2018-04-16 08:04:29,080 - mean: 0.878988696934116, {'min_samples_leaf': 30, 'min_samples_split': 0.01}

2018-04-16 08:04:29,080 - mean: 0.8789519374848417, {'min_samples_leaf': 30, 'min_samples_split': 0.015}

2018-04-16 08:04:29,095 - mean: 0.8790465676866982, {'min_samples_leaf': 30, 'min_samples_split': 0.02}

2018-04-16 08:04:29,095 - mean: 0.8789477759807235, {'min_samples_leaf': 40, 'min_samples_split': 0.01}

2018-04-16 08:04:29,095 - mean: 0.8790206694878502, {'min_samples_leaf': 40, 'min_samples_split': 0.015}

2018-04-16 08:04:29,095 - mean: 0.8790573211112428, {'min_samples_leaf': 40, 'min_samples_split': 0.02}

2018-04-16 08:04:29,095 - mean: 0.8784349705021292, {'min_samples_leaf': 50, 'min_samples_split': 0.01}

2018-04-16 08:04:29,095 - mean: 0.8785836378672971, {'min_samples_leaf': 50, 'min_samples_split': 0.015}

2018-04-16 08:04:29,095 - mean: 0.8783409043003634, {'min_samples_leaf': 50, 'min_samples_split': 0.02}

2018-04-16 08:04:29,111 - mean: 0.8780732859145288, {'min_samples_leaf': 60, 'min_samples_split': 0.01}

2018-04-16 08:04:29,111 - mean: 0.878106465072259, {'min_samples_leaf': 60, 'min_samples_split': 0.015}

2018-04-16 08:04:29,111 - mean: 0.8776915605404857, {'min_samples_leaf': 60, 'min_samples_split': 0.02}

2018-04-16 08:04:29,111 - mean: 0.8771543914653169, {'min_samples_leaf': 70, 'min_samples_split': 0.01}

2018-04-16 08:04:29,111 - mean: 0.8772370248845168, {'min_samples_leaf': 70, 'min_samples_split': 0.015}

2018-04-16 08:04:29,111 - mean: 0.8770894549147619, {'min_samples_leaf': 70, 'min_samples_split': 0.02}

2018-04-16 08:22:07,850 - begin to perform GridSearch on {'max_features': array([12, 14, 16, 18, 20, 22, 24, 26, 28, 30, 32, 34, 36, 38, 40, 42, 44,
       46, 48, 50, 52, 54, 56, 58, 60, 62, 64])}...
2018-04-16 10:47:02,658 - best score (roc_auc) is 0.8796495665027914
2018-04-16 10:47:02,689 - best params are {'max_features': 64}
2018-04-16 10:47:02,720 - mean: 0.8791914110898285, {'max_features': 12}

2018-04-16 10:47:02,720 - mean: 0.8785398302280577, {'max_features': 14}

2018-04-16 10:47:02,720 - mean: 0.8788168026501507, {'max_features': 16}

2018-04-16 10:47:02,720 - mean: 0.8790285674173911, {'max_features': 18}

2018-04-16 10:47:02,720 - mean: 0.8789362208413102, {'max_features': 20}

2018-04-16 10:47:02,720 - mean: 0.8792727787146168, {'max_features': 22}

2018-04-16 10:47:02,720 - mean: 0.8788716806370431, {'max_features': 24}

2018-04-16 10:47:02,720 - mean: 0.8785351923704997, {'max_features': 26}

2018-04-16 10:47:02,720 - mean: 0.8788701941968361, {'max_features': 28}

2018-04-16 10:47:02,720 - mean: 0.8788354649565756, {'max_features': 30}

2018-04-16 10:47:02,720 - mean: 0.8794265683455268, {'max_features': 32}

2018-04-16 10:47:02,720 - mean: 0.8790085727381844, {'max_features': 34}

2018-04-16 10:47:02,720 - mean: 0.8787062791041074, {'max_features': 36}

2018-04-16 10:47:02,720 - mean: 0.8790925316827591, {'max_features': 38}

2018-04-16 10:47:02,720 - mean: 0.878904732026992, {'max_features': 40}

2018-04-16 10:47:02,736 - mean: 0.8786840866405747, {'max_features': 42}

2018-04-16 10:47:02,736 - mean: 0.8789786124885977, {'max_features': 44}

2018-04-16 10:47:02,736 - mean: 0.8792208310475028, {'max_features': 46}

2018-04-16 10:47:02,736 - mean: 0.8791632537351018, {'max_features': 48}

2018-04-16 10:47:02,736 - mean: 0.8789266366927114, {'max_features': 50}

2018-04-16 10:47:02,736 - mean: 0.879104605979772, {'max_features': 52}

2018-04-16 10:47:02,736 - mean: 0.8789395498537671, {'max_features': 54}

2018-04-16 10:47:02,736 - mean: 0.8789563560729101, {'max_features': 56}

2018-04-16 10:47:02,736 - mean: 0.8785997633629724, {'max_features': 58}

2018-04-16 10:47:02,736 - mean: 0.8791244870652145, {'max_features': 60}

2018-04-16 10:47:02,736 - mean: 0.8792746255502776, {'max_features': 62}

2018-04-16 10:47:02,736 - mean: 0.8796495665027914, {'max_features': 64}

2018-04-16 19:03:20,911 - begin to perform GridSearch on {'max_features': [60, 62, 64, 66, 68, 70]}...
2018-04-16 20:02:05,313 - best score (roc_auc) is 0.879426611856107
2018-04-16 20:02:05,344 - best params are {'max_features': 70}
2018-04-16 20:02:05,375 - mean: 0.8788733857132492, {'max_features': 60}

2018-04-16 20:02:05,407 - mean: 0.8787850586956883, {'max_features': 62}

2018-04-16 20:02:05,407 - mean: 0.8790190485467281, {'max_features': 64}

2018-04-16 20:02:05,407 - mean: 0.8793934359598352, {'max_features': 66}

2018-04-16 20:02:05,407 - mean: 0.878870843677285, {'max_features': 68}

2018-04-16 20:02:05,407 - mean: 0.879426611856107, {'max_features': 70}

2018-04-16 20:56:43,170 - begin to perform GridSearch on {'max_features': [60, 66, 72, 78, 84]}...
2018-04-16 21:49:54,730 - best score (roc_auc) is 0.879221134499999
2018-04-16 21:49:54,778 - best params are {'max_features': 72}
2018-04-16 21:49:54,805 - mean: 0.8785627612235748, {'max_features': 60}

2018-04-16 21:49:54,806 - mean: 0.8790523404822399, {'max_features': 66}

2018-04-16 21:49:54,807 - mean: 0.879221134499999, {'max_features': 72}

2018-04-16 21:49:54,808 - mean: 0.8790019802202509, {'max_features': 78}

2018-04-16 21:49:54,808 - mean: 0.8787987166887623, {'max_features': 84}

2018-04-16 22:14:03,537 - begin to perform GridSearch on {'subsample': [0.6, 0.7, 0.75, 0.8, 0.85, 0.9]}...
2018-04-16 22:22:20,680 - begin to perform GridSearch on {'subsample': [0.6, 0.7, 0.75, 0.8, 0.85, 0.9]}...
2018-04-16 22:52:02,219 - best score (roc_auc) is 0.8791747376942656
2018-04-16 22:52:02,219 - best params are {'subsample': 0.75}
2018-04-16 22:52:02,250 - mean: 0.879166343185621, {'subsample': 0.6}

2018-04-16 22:52:02,250 - mean: 0.879165575841025, {'subsample': 0.7}

2018-04-16 22:52:02,250 - mean: 0.8791747376942656, {'subsample': 0.75}

2018-04-16 22:52:02,250 - mean: 0.8788812993984534, {'subsample': 0.8}

2018-04-16 22:52:02,250 - mean: 0.8790234605408859, {'subsample': 0.85}

2018-04-16 22:52:02,250 - mean: 0.8787811244534618, {'subsample': 0.9}

2018-04-16 23:03:36,575 - begin to perform GridSearch on {'learning_rate': [0.1], 'n_estimators': [600]}...
2018-04-16 23:03:45,757 - begin to perform GridSearch on {'learning_rate': [0.1], 'n_estimators': [600]}...
2018-04-16 23:03:45,851 - Error found! Break down...

2018-04-16 23:03:45,913 - begin to perform GridSearch on {'learning_rate': [0.05], 'n_estimators': [1200]}...
2018-04-16 23:03:45,913 - begin to perform GridSearch on {'learning_rate': [0.05], 'n_estimators': [1200]}...
2018-04-16 23:03:46,038 - Error found! Break down...

2018-04-16 23:03:46,038 - Error found! Break down...

2018-04-16 23:03:46,038 - begin to perform GridSearch on {'learning_rate': [0.02], 'n_estimators': [3000]}...
2018-04-16 23:03:46,038 - begin to perform GridSearch on {'learning_rate': [0.02], 'n_estimators': [3000]}...
2018-04-16 23:03:46,038 - begin to perform GridSearch on {'learning_rate': [0.02], 'n_estimators': [3000]}...
2018-04-16 23:03:46,147 - Error found! Break down...

2018-04-16 23:03:46,147 - Error found! Break down...

2018-04-16 23:03:46,147 - Error found! Break down...

2018-04-16 23:03:47,569 - begin to perform GridSearch on {'learning_rate': [0.1], 'n_estimators': [600]}...
2018-04-16 23:03:47,663 - Error found! Break down...

2018-04-16 23:03:47,678 - begin to perform GridSearch on {'learning_rate': [0.05], 'n_estimators': [1200]}...
2018-04-16 23:03:47,678 - begin to perform GridSearch on {'learning_rate': [0.05], 'n_estimators': [1200]}...
2018-04-16 23:03:47,787 - Error found! Break down...

2018-04-16 23:03:47,787 - Error found! Break down...

2018-04-16 23:03:47,819 - begin to perform GridSearch on {'learning_rate': [0.02], 'n_estimators': [3000]}...
2018-04-16 23:03:47,819 - begin to perform GridSearch on {'learning_rate': [0.02], 'n_estimators': [3000]}...
2018-04-16 23:03:47,819 - begin to perform GridSearch on {'learning_rate': [0.02], 'n_estimators': [3000]}...
2018-04-16 23:03:47,959 - Error found! Break down...

2018-04-16 23:03:47,959 - Error found! Break down...

2018-04-16 23:03:47,959 - Error found! Break down...

2018-04-16 23:03:54,107 - begin to perform GridSearch on {'learning_rate': [0.1], 'n_estimators': [600]}...
2018-04-16 23:03:54,793 - Error found! Break down...

2018-04-16 23:03:54,824 - begin to perform GridSearch on {'learning_rate': [0.05], 'n_estimators': [1200]}...
2018-04-16 23:03:54,824 - begin to perform GridSearch on {'learning_rate': [0.05], 'n_estimators': [1200]}...
2018-04-16 23:03:54,871 - begin to perform GridSearch on {'learning_rate': [0.1], 'n_estimators': [600]}...
2018-04-16 23:03:54,918 - Error found! Break down...

2018-04-16 23:03:54,918 - Error found! Break down...

2018-04-16 23:03:54,918 - begin to perform GridSearch on {'learning_rate': [0.02], 'n_estimators': [3000]}...
2018-04-16 23:03:54,918 - begin to perform GridSearch on {'learning_rate': [0.02], 'n_estimators': [3000]}...
2018-04-16 23:03:54,918 - begin to perform GridSearch on {'learning_rate': [0.02], 'n_estimators': [3000]}...
2018-04-16 23:04:34,371 - begin to perform GridSearch on {'learning_rate': [0.1], 'n_estimators': [600]}...
2018-04-16 23:04:43,904 - begin to perform GridSearch on {'learning_rate': [0.1], 'n_estimators': [600]}...
2018-04-16 23:04:43,998 - Error found! Break down...

2018-04-16 23:04:45,121 - begin to perform GridSearch on {'learning_rate': [0.1], 'n_estimators': [600]}...
2018-04-16 23:04:45,230 - Error found! Break down...

2018-04-16 23:04:48,573 - begin to perform GridSearch on {'learning_rate': [0.1], 'n_estimators': [600]}...
2018-04-16 23:04:48,667 - Error found! Break down...

2018-04-16 23:05:22,934 - begin to perform GridSearch on {'learning_rate': [0.1], 'n_estimators': [300]}...
2018-04-16 23:05:32,137 - begin to perform GridSearch on {'learning_rate': [0.1], 'n_estimators': [300]}...
2018-04-16 23:05:32,231 - Error found! Break down...

2018-04-16 23:05:33,151 - begin to perform GridSearch on {'learning_rate': [0.1], 'n_estimators': [300]}...
2018-04-16 23:05:33,268 - Error found! Break down...

2018-04-16 23:06:33,936 - begin to perform GridSearch on {'learning_rate': [0.1], 'n_estimators': [600]}...
2018-04-16 23:07:43,962 - begin to perform GridSearch on {'learning_rate': [0.1], 'n_estimators': [600]}...
2018-04-16 23:24:23,607 - best score (roc_auc) is 0.8793361290888181
2018-04-16 23:24:23,607 - best params are {'learning_rate': 0.1, 'n_estimators': 600}
2018-04-16 23:24:23,624 - mean: 0.8793361290888181, {'learning_rate': 0.1, 'n_estimators': 600}

2018-04-16 23:24:23,628 - begin to perform GridSearch on {'learning_rate': [0.05], 'n_estimators': [1200]}...
2018-04-16 23:24:23,628 - begin to perform GridSearch on {'learning_rate': [0.05], 'n_estimators': [1200]}...
