2018-04-14 18:07:54,294 - best score (roc_auc) is 0.8750017160963016
2018-04-14 18:07:54,356 - best params are {'min_samples_leaf': 35, 'min_samples_split': 0.005}
2018-04-14 18:07:54,388 - mean: 0.8736083468362681, {'min_samples_leaf': 5, 'min_samples_split': 0.005}

2018-04-14 18:07:54,388 - mean: 0.8728139717932785, {'min_samples_leaf': 5, 'min_samples_split': 0.01}

2018-04-14 18:07:54,403 - mean: 0.8724714343523639, {'min_samples_leaf': 5, 'min_samples_split': 0.015}

2018-04-14 18:07:54,403 - mean: 0.8733383174071785, {'min_samples_leaf': 5, 'min_samples_split': 0.02}

2018-04-14 18:07:54,419 - mean: 0.872668900147741, {'min_samples_leaf': 5, 'min_samples_split': 0.025}

2018-04-14 18:07:54,419 - mean: 0.8725972166376901, {'min_samples_leaf': 5, 'min_samples_split': 0.030000000000000002}

2018-04-14 18:07:54,419 - mean: 0.8727945887624566, {'min_samples_leaf': 10, 'min_samples_split': 0.005}

2018-04-14 18:07:54,419 - mean: 0.8726532198701643, {'min_samples_leaf': 10, 'min_samples_split': 0.01}

2018-04-14 18:07:54,419 - mean: 0.8734586324301787, {'min_samples_leaf': 10, 'min_samples_split': 0.015}

2018-04-14 18:07:54,419 - mean: 0.8727333200798834, {'min_samples_leaf': 10, 'min_samples_split': 0.02}

2018-04-14 18:07:54,419 - mean: 0.8730404594444715, {'min_samples_leaf': 10, 'min_samples_split': 0.025}

2018-04-14 18:07:54,419 - mean: 0.8734882448504492, {'min_samples_leaf': 10, 'min_samples_split': 0.030000000000000002}

2018-04-14 18:07:54,419 - mean: 0.8731651776621546, {'min_samples_leaf': 15, 'min_samples_split': 0.005}

2018-04-14 18:07:54,419 - mean: 0.8724546026828625, {'min_samples_leaf': 15, 'min_samples_split': 0.01}

2018-04-14 18:07:54,419 - mean: 0.8730192944654838, {'min_samples_leaf': 15, 'min_samples_split': 0.015}

2018-04-14 18:07:54,419 - mean: 0.8734791279107971, {'min_samples_leaf': 15, 'min_samples_split': 0.02}

2018-04-14 18:07:54,419 - mean: 0.873484540517409, {'min_samples_leaf': 15, 'min_samples_split': 0.025}

2018-04-14 18:07:54,419 - mean: 0.8724603061141815, {'min_samples_leaf': 15, 'min_samples_split': 0.030000000000000002}

2018-04-14 18:07:54,419 - mean: 0.873101598385779, {'min_samples_leaf': 20, 'min_samples_split': 0.005}

2018-04-14 18:07:54,419 - mean: 0.8735324025383058, {'min_samples_leaf': 20, 'min_samples_split': 0.01}

2018-04-14 18:07:54,419 - mean: 0.8735302663121656, {'min_samples_leaf': 20, 'min_samples_split': 0.015}

2018-04-14 18:07:54,434 - mean: 0.8730115152421201, {'min_samples_leaf': 20, 'min_samples_split': 0.02}

2018-04-14 18:07:54,434 - mean: 0.8735375309047694, {'min_samples_leaf': 20, 'min_samples_split': 0.025}

2018-04-14 18:07:54,434 - mean: 0.8737482932892747, {'min_samples_leaf': 20, 'min_samples_split': 0.030000000000000002}

2018-04-14 18:07:54,434 - mean: 0.8731930699677094, {'min_samples_leaf': 25, 'min_samples_split': 0.005}

2018-04-14 18:07:54,434 - mean: 0.8734339761916458, {'min_samples_leaf': 25, 'min_samples_split': 0.01}

2018-04-14 18:07:54,434 - mean: 0.8733591241490437, {'min_samples_leaf': 25, 'min_samples_split': 0.015}

2018-04-14 18:07:54,434 - mean: 0.8737503611243259, {'min_samples_leaf': 25, 'min_samples_split': 0.02}

2018-04-14 18:07:54,434 - mean: 0.874371257810178, {'min_samples_leaf': 25, 'min_samples_split': 0.025}

2018-04-14 18:07:54,434 - mean: 0.8743137770666981, {'min_samples_leaf': 25, 'min_samples_split': 0.030000000000000002}

2018-04-14 18:07:54,434 - mean: 0.8743316107152035, {'min_samples_leaf': 30, 'min_samples_split': 0.005}

2018-04-14 18:07:54,434 - mean: 0.8741464280061072, {'min_samples_leaf': 30, 'min_samples_split': 0.01}

2018-04-14 18:07:54,434 - mean: 0.8729569624782122, {'min_samples_leaf': 30, 'min_samples_split': 0.015}

2018-04-14 18:07:54,434 - mean: 0.87385178086542, {'min_samples_leaf': 30, 'min_samples_split': 0.02}

2018-04-14 18:07:54,434 - mean: 0.8736681776193338, {'min_samples_leaf': 30, 'min_samples_split': 0.025}

2018-04-14 18:07:54,434 - mean: 0.8742236540324382, {'min_samples_leaf': 30, 'min_samples_split': 0.030000000000000002}

2018-04-14 18:07:54,434 - mean: 0.8750017160963016, {'min_samples_leaf': 35, 'min_samples_split': 0.005}

2018-04-14 18:07:54,434 - mean: 0.8737537380704151, {'min_samples_leaf': 35, 'min_samples_split': 0.01}

2018-04-14 18:07:54,434 - mean: 0.8745276950003079, {'min_samples_leaf': 35, 'min_samples_split': 0.015}

2018-04-14 18:07:54,450 - mean: 0.8744668520945019, {'min_samples_leaf': 35, 'min_samples_split': 0.02}

2018-04-14 18:07:54,450 - mean: 0.873896962296493, {'min_samples_leaf': 35, 'min_samples_split': 0.025}

2018-04-14 18:07:54,450 - mean: 0.8739308315361355, {'min_samples_leaf': 35, 'min_samples_split': 0.030000000000000002}

2018-04-14 18:07:54,450 - mean: 0.8739834552365331, {'min_samples_leaf': 40, 'min_samples_split': 0.005}

2018-04-14 18:07:54,450 - mean: 0.874233192813707, {'min_samples_leaf': 40, 'min_samples_split': 0.01}

2018-04-14 18:07:54,450 - mean: 0.8748515877598162, {'min_samples_leaf': 40, 'min_samples_split': 0.015}

2018-04-14 18:07:54,450 - mean: 0.8738759013516069, {'min_samples_leaf': 40, 'min_samples_split': 0.02}

2018-04-14 18:07:54,450 - mean: 0.8739248432647092, {'min_samples_leaf': 40, 'min_samples_split': 0.025}

2018-04-14 18:07:54,450 - mean: 0.8746429323231997, {'min_samples_leaf': 40, 'min_samples_split': 0.030000000000000002}

2018-04-14 18:07:54,450 - mean: 0.8731412929560364, {'min_samples_leaf': 45, 'min_samples_split': 0.005}

2018-04-14 18:07:54,450 - mean: 0.8746792394698669, {'min_samples_leaf': 45, 'min_samples_split': 0.01}

2018-04-14 18:07:54,450 - mean: 0.8744564852661646, {'min_samples_leaf': 45, 'min_samples_split': 0.015}

2018-04-14 18:07:54,450 - mean: 0.8737573921743327, {'min_samples_leaf': 45, 'min_samples_split': 0.02}

2018-04-14 18:07:54,450 - mean: 0.8739112425396659, {'min_samples_leaf': 45, 'min_samples_split': 0.025}

2018-04-14 18:07:54,450 - mean: 0.873978429610356, {'min_samples_leaf': 45, 'min_samples_split': 0.030000000000000002}

2018-04-14 18:07:54,450 - mean: 0.8731455270321169, {'min_samples_leaf': 50, 'min_samples_split': 0.005}

2018-04-14 18:07:54,450 - mean: 0.8743396180607148, {'min_samples_leaf': 50, 'min_samples_split': 0.01}

2018-04-14 18:07:54,466 - mean: 0.8738551044026422, {'min_samples_leaf': 50, 'min_samples_split': 0.015}

2018-04-14 18:07:54,466 - mean: 0.8743001355907983, {'min_samples_leaf': 50, 'min_samples_split': 0.02}

2018-04-14 18:07:54,466 - mean: 0.8747942729328824, {'min_samples_leaf': 50, 'min_samples_split': 0.025}

2018-04-14 18:07:54,466 - mean: 0.8737768932225232, {'min_samples_leaf': 50, 'min_samples_split': 0.030000000000000002}

2018-04-14 19:57:02,922 - best score (roc_auc) is 0.8728691756967554
2018-04-14 19:57:02,954 - best params are {'max_features': 12}
2018-04-14 19:57:02,969 - mean: 0.8728691756967554, {'max_features': 12}

2018-04-14 19:57:02,985 - mean: 0.872308645597207, {'max_features': 14}

2018-04-14 19:57:02,985 - mean: 0.8701468352344897, {'max_features': 16}

2018-04-14 19:57:02,985 - mean: 0.8669460269755125, {'max_features': 18}

2018-04-14 19:57:02,985 - mean: 0.8651332870772633, {'max_features': 20}

2018-04-14 19:57:02,985 - mean: 0.8622779292924854, {'max_features': 22}

2018-04-14 19:57:02,985 - mean: 0.8586301212450467, {'max_features': 24}

2018-04-14 19:57:02,985 - mean: 0.8571384401783078, {'max_features': 26}

2018-04-14 19:57:02,985 - mean: 0.8532952977355543, {'max_features': 28}

2018-04-14 19:57:02,985 - mean: 0.8516853490893022, {'max_features': 30}

2018-04-14 19:57:02,985 - mean: 0.8506873857887383, {'max_features': 32}

2018-04-14 19:57:02,985 - mean: 0.8501017843868379, {'max_features': 34}

2018-04-14 19:57:02,985 - mean: 0.8466422905290282, {'max_features': 36}

2018-04-14 19:57:02,985 - mean: 0.8437964080269867, {'max_features': 38}

2018-04-14 19:57:02,985 - mean: 0.842604934411956, {'max_features': 40}

2018-04-14 19:57:02,985 - mean: 0.840987751441855, {'max_features': 42}

2018-04-14 19:57:02,985 - mean: 0.8399926698180138, {'max_features': 44}

2018-04-14 19:57:02,985 - mean: 0.839732345635231, {'max_features': 46}

2018-04-14 19:57:03,000 - mean: 0.8390294020967437, {'max_features': 48}

2018-04-14 19:57:03,000 - mean: 0.8348343901291629, {'max_features': 50}

2018-04-14 19:57:03,000 - mean: 0.8343218581952789, {'max_features': 52}

2018-04-14 19:57:03,000 - mean: 0.8322003772070519, {'max_features': 54}

2018-04-14 19:57:03,000 - mean: 0.8312373867812886, {'max_features': 56}

2018-04-14 19:57:03,000 - mean: 0.8304974755931094, {'max_features': 58}

2018-04-14 19:57:03,000 - mean: 0.8299630941259294, {'max_features': 60}

2018-04-14 19:57:03,000 - mean: 0.8303322250487816, {'max_features': 62}

2018-04-14 19:57:03,000 - mean: 0.8276761683238106, {'max_features': 64}
2018-04-14 22:10:56,609 - refine-tune n_estimator given all the other parameters have been optimized and fixed
2018-04-14 22:10:56,640 - best score (roc_auc) is 0.875331467714536
2018-04-14 22:10:56,656 - best params are {'n_estimators': 640}
2018-04-14 22:10:56,687 - mean: 0.86071976073487, {'n_estimators': 40}

2018-04-14 22:10:56,687 - mean: 0.8652790664814184, {'n_estimators': 80}

2018-04-14 22:10:56,687 - mean: 0.8698131769936576, {'n_estimators': 120}

2018-04-14 22:10:56,687 - mean: 0.8707548815370867, {'n_estimators': 160}

2018-04-14 22:10:56,687 - mean: 0.8715729577233362, {'n_estimators': 200}

2018-04-14 22:10:56,687 - mean: 0.8715431157963124, {'n_estimators': 240}

2018-04-14 22:10:56,702 - mean: 0.8731534995697393, {'n_estimators': 280}

2018-04-14 22:10:56,702 - mean: 0.8738189259338621, {'n_estimators': 320}

2018-04-14 22:10:56,702 - mean: 0.8736769038093695, {'n_estimators': 360}

2018-04-14 22:10:56,702 - mean: 0.8736740481492264, {'n_estimators': 400}

2018-04-14 22:10:56,702 - mean: 0.87406891294276, {'n_estimators': 440}

2018-04-14 22:10:56,702 - mean: 0.874639752823857, {'n_estimators': 480}

2018-04-14 22:10:56,702 - mean: 0.8740356797029999, {'n_estimators': 520}

2018-04-14 22:10:56,702 - mean: 0.8740749239787173, {'n_estimators': 560}

2018-04-14 22:10:56,702 - mean: 0.8745051548890485, {'n_estimators': 600}

2018-04-14 22:10:56,702 - mean: 0.875331467714536, {'n_estimators': 640}

2018-04-14 22:10:56,702 - mean: 0.8751189023597279, {'n_estimators': 680}

2018-04-14 22:10:56,702 - mean: 0.8753072123090415, {'n_estimators': 720}

2018-04-14 22:10:56,702 - mean: 0.8749293345819753, {'n_estimators': 760}

2018-04-14 22:10:56,702 - mean: 0.8747352084576145, {'n_estimators': 800}

2018-04-14 22:36:31,189 - After parameters tuning: average roc_auc is 0.8752115902, average accuracy is 0.9393624092
